<?xml version="1.0" encoding="UTF-8"?>
<!-- Generated by org.testng.reporters.JUnitXMLReporter -->
<testsuite ignored="0" hostname="SHYAM" failures="0" tests="4" name="Nopackage" time="77.674" errors="0" timestamp="2020-04-30T17:07:06 IST">
  <testcase classname="selenium.test.TestNGTest" name="downloadFile" time="24.286"/>
  <testcase classname="selenium.test.TestNGTest" name="headLessBrowser" time="13.118"/>
  <testcase classname="selenium.test.TestNGTest" name="scrollUpAndDown" time="27.554"/>
  <testcase classname="com.tests.TestDemo" name="scrollUpAndDown" time="12.439"/>
</testsuite> <!-- Nopackage -->
