<?xml version="1.0" encoding="UTF-8"?>
<testsuite xmlns:xsi="http://www.w3.org/2001/XMLSchema-instance" xsi:noNamespaceSchemaLocation="https://maven.apache.org/surefire/maven-surefire-plugin/xsd/surefire-test-report.xsd" name="TestSuite" time="55.846" tests="4" errors="0" skipped="0" failures="0">
  <properties>
[...]
</properties>
  <testcase name="downloadFile" classname="selenium.test.TestNGTest" time="18.267"/>
  <testcase name="headLessBrowser" classname="selenium.test.TestNGTest" time="7.462"/>
  <testcase name="scrollUpAndDown" classname="selenium.test.TestNGTest" time="15.367"/>
  <testcase name="scrollUpAndDown" classname="com.tests.TestDemo" time="13.421"/>
</testsuite>