<?xml version="1.0" encoding="UTF-8"?>
<testng-results ignored="0" total="4" passed="4" failed="0" skipped="0">
  <reporter-output>
  </reporter-output>
  <suite started-at="2020-04-30T17:07:33 IST" name="Suite1" finished-at="2020-04-30T17:08:28 IST" duration-ms="54599">
    <groups>
    </groups>
    <test started-at="2020-04-30T17:07:33 IST" name="Nopackage" finished-at="2020-04-30T17:08:28 IST" duration-ms="54599">
      <class name="com.tests.TestDemo">
        <test-method signature="scrollUpAndDown()[pri:0, instance:com.tests.TestDemo@6b2ea799]" started-at="2020-04-30T17:08:14 IST" name="scrollUpAndDown" finished-at="2020-04-30T17:08:28 IST" duration-ms="13421" status="PASS">
          <reporter-output>
          </reporter-output>
        </test-method> <!-- scrollUpAndDown -->
      </class> <!-- com.tests.TestDemo -->
      <class name="selenium.test.TestNGTest">
        <test-method signature="downloadFile()[pri:0, instance:selenium.test.TestNGTest@51399530]" started-at="2020-04-30T17:07:33 IST" name="downloadFile" finished-at="2020-04-30T17:07:51 IST" duration-ms="18270" status="PASS">
          <reporter-output>
          </reporter-output>
        </test-method> <!-- downloadFile -->
        <test-method signature="headLessBrowser()[pri:0, instance:selenium.test.TestNGTest@51399530]" started-at="2020-04-30T17:07:51 IST" name="headLessBrowser" finished-at="2020-04-30T17:07:59 IST" duration-ms="7469" status="PASS">
          <reporter-output>
          </reporter-output>
        </test-method> <!-- headLessBrowser -->
        <test-method signature="scrollUpAndDown()[pri:0, instance:selenium.test.TestNGTest@51399530]" started-at="2020-04-30T17:07:59 IST" name="scrollUpAndDown" finished-at="2020-04-30T17:08:14 IST" duration-ms="15367" status="PASS">
          <reporter-output>
          </reporter-output>
        </test-method> <!-- scrollUpAndDown -->
      </class> <!-- selenium.test.TestNGTest -->
    </test> <!-- Nopackage -->
  </suite> <!-- Suite1 -->
</testng-results>
