<?xml version="1.0" encoding="UTF-8"?>
<testng-results ignored="0" total="4" passed="4" failed="0" skipped="0">
  <reporter-output>
  </reporter-output>
  <suite started-at="2020-04-30T17:05:48 IST" name="Suite1" finished-at="2020-04-30T17:07:05 IST" duration-ms="77674">
    <groups>
    </groups>
    <test started-at="2020-04-30T17:05:48 IST" name="Nopackage" finished-at="2020-04-30T17:07:05 IST" duration-ms="77674">
      <class name="com.tests.TestDemo">
        <test-method signature="scrollUpAndDown()[pri:0, instance:com.tests.TestDemo@1329eff]" started-at="2020-04-30T17:06:53 IST" name="scrollUpAndDown" finished-at="2020-04-30T17:07:05 IST" duration-ms="12439" status="PASS">
          <reporter-output>
          </reporter-output>
        </test-method> <!-- scrollUpAndDown -->
      </class> <!-- com.tests.TestDemo -->
      <class name="selenium.test.TestNGTest">
        <test-method signature="downloadFile()[pri:0, instance:selenium.test.TestNGTest@c03cf28]" started-at="2020-04-30T17:05:48 IST" name="downloadFile" finished-at="2020-04-30T17:06:12 IST" duration-ms="24286" status="PASS">
          <reporter-output>
          </reporter-output>
        </test-method> <!-- downloadFile -->
        <test-method signature="headLessBrowser()[pri:0, instance:selenium.test.TestNGTest@c03cf28]" started-at="2020-04-30T17:06:12 IST" name="headLessBrowser" finished-at="2020-04-30T17:06:25 IST" duration-ms="13118" status="PASS">
          <reporter-output>
          </reporter-output>
        </test-method> <!-- headLessBrowser -->
        <test-method signature="scrollUpAndDown()[pri:0, instance:selenium.test.TestNGTest@c03cf28]" started-at="2020-04-30T17:06:25 IST" name="scrollUpAndDown" finished-at="2020-04-30T17:06:53 IST" duration-ms="27554" status="PASS">
          <reporter-output>
          </reporter-output>
        </test-method> <!-- scrollUpAndDown -->
      </class> <!-- selenium.test.TestNGTest -->
    </test> <!-- Nopackage -->
  </suite> <!-- Suite1 -->
</testng-results>
